Build started 10/3/2015 3:02:01 PM.
     1>Project "c:\Users\Austin\documents\visual studio 2013\Projects\Monster\Monster\Monster.vcxproj" on node 2 (Build target(s)).
     1>ClCompile:
         C:\Program Files (x86)\Microsoft Visual Studio 12.0\VC\bin\CL.exe /c /ZI /nologo /W3 /WX- /sdl /Od /Oy- /D WIN32 /D _DEBUG /D _CONSOLE /D _LIB /D _UNICODE /D UNICODE /Gm /EHsc /RTC1 /MDd /GS /fp:precise /Zc:wchar_t /Zc:forScope /Yu"stdafx.h" /Fp"Debug\Monster.pch" /Fo"Debug\\" /Fd"Debug\vc120.pdb" /Gd /TP /analyze- /errorReport:prompt Monster.cpp
         Monster.cpp
     1>c:\users\austin\documents\visual studio 2013\projects\monster\monster\monster.cpp(62): error C2059: syntax error : '&'
     1>c:\users\austin\documents\visual studio 2013\projects\monster\monster\monster.cpp(75): error C2039: 'keep_window_open' : is not a member of 'monster'
                 c:\users\austin\documents\visual studio 2013\projects\monster\monster\monster.cpp(7) : see declaration of 'monster'
     1>Done Building Project "c:\Users\Austin\documents\visual studio 2013\Projects\Monster\Monster\Monster.vcxproj" (Build target(s)) -- FAILED.

Build FAILED.

Time Elapsed 00:00:00.50
